<?xml version="1.0" encoding="UTF-8"?>
<testsuite name="Registrar usuario" tests="1" skipped="0" failures="1" errors="0" timestamp="2023-10-06T11:50:45" hostname="VALENTINA" time="2.526">
  <properties/>
  <testcase name="Registrarse" classname="Registrar usuario" time="2.526">
    <failure message="io.cucumber.junit.UndefinedStepException: The step 'que estoy en la app exito.com y quiero crear una cuenta' and 1 other step(s) are undefined.&#10;You can implement these steps using the snippet(s) below:&#10;&#10;@Dado(&quot;que estoy en la app exito.com y quiero crear una cuenta&quot;)&#10;public void queEstoyEnLaAppExitoComYQuieroCrearUnaCuenta() {&#10;    // Write code here that turns the phrase above into concrete actions&#10;    throw new io.cucumber.java.PendingException();&#10;}&#10;@Cuando(&quot;ingreso los datos solicitados&quot;)&#10;public void ingresoLosDatosSolicitados() {&#10;    // Write code here that turns the phrase above into concrete actions&#10;    throw new io.cucumber.java.PendingException();&#10;}&#10;" type="io.cucumber.junit.UndefinedStepException">io.cucumber.junit.UndefinedStepException: The step 'que estoy en la app exito.com y quiero crear una cuenta' and 1 other step(s) are undefined.
You can implement these steps using the snippet(s) below:

@Dado(&quot;que estoy en la app exito.com y quiero crear una cuenta&quot;)
public void queEstoyEnLaAppExitoComYQuieroCrearUnaCuenta() {
    // Write code here that turns the phrase above into concrete actions
    throw new io.cucumber.java.PendingException();
}
@Cuando(&quot;ingreso los datos solicitados&quot;)
public void ingresoLosDatosSolicitados() {
    // Write code here that turns the phrase above into concrete actions
    throw new io.cucumber.java.PendingException();
}

</failure>
  </testcase>
  <system-out><![CDATA[]]></system-out>
  <system-err><![CDATA[[Test worker] INFO io.cucumber.core.plugin.SerenityReporter - Running feature from file:///C:/Users/USUARIO/Desktop/RetoAppiumChoucair/src/test/resources/features/Registro.feature
[Test worker] INFO  - 
  _____   ___   ___   _____     ___   _____     _     ___   _____   ___   ___  
 |_   _| | __| / __| |_   _|   / __| |_   _|   /_\   | _ \ |_   _| | __| |   \ 
   | |   | _|  \__ \   | |     \__ \   | |    / _ \  |   /   | |   | _|  | |) |
   |_|   |___| |___/   |_|     |___/   |_|   /_/ \_\ |_|_\   |_|   |___| |___/ 

Registrarse(registrar-usuario;registrarse)
--------------------------------------------------------------------------------
[Test worker] INFO net.thucydides.core.model.TestOutcome - SetUserStory Registrar usuario
[Test worker] INFO net.thucydides.core.model.TestOutcome - SetUserStory Registrar usuario
[Test worker] INFO  - 
  _____   ___   ___   _____     ___   ___   _  _   ___    ___   _  _    ___ 
 |_   _| | __| / __| |_   _|   | _ \ | __| | \| | |   \  |_ _| | \| |  / __|
   | |   | _|  \__ \   | |     |  _/ | _|  | .` | | |) |  | |  | .` | | (_ |
   |_|   |___| |___/   |_|     |_|   |___| |_|\_| |___/  |___| |_|\_|  \___|

Registrarse
-----------------------------------------------------------------------------
]]></system-err>
</testsuite>
